[1.046s] Invoking command in '/home/adam/Sensor-Fusion-And-Autonomous-Racing-Cars/ros_ws/build/vesc_ackermann': AMENT_PREFIX_PATH=/home/adam/Sensor-Fusion-And-Autonomous-Racing-Cars/ros_ws/install/vesc_msgs:${AMENT_PREFIX_PATH} CMAKE_PREFIX_PATH=/home/adam/Sensor-Fusion-And-Autonomous-Racing-Cars/ros_ws/install/vesc_msgs:/home/adam/Sensor-Fusion-And-Autonomous-Racing-Cars/ros_ws/install/vision_opencv:/home/adam/Sensor-Fusion-And-Autonomous-Racing-Cars/ros_ws/install/v4l2_camera:/home/adam/Sensor-Fusion-And-Autonomous-Racing-Cars/ros_ws/install/image_transport_plugins:/home/adam/Sensor-Fusion-And-Autonomous-Racing-Cars/ros_ws/install/theora_image_transport:/home/adam/Sensor-Fusion-And-Autonomous-Racing-Cars/ros_ws/install/raspicam2:/home/adam/Sensor-Fusion-And-Autonomous-Racing-Cars/ros_ws/install/ldlidar_ros2:/home/adam/Sensor-Fusion-And-Autonomous-Racing-Cars/ros_ws/install/image_common:/home/adam/Sensor-Fusion-And-Autonomous-Racing-Cars/ros_ws/install/compressed_image_transport:/home/adam/Sensor-Fusion-And-Autonomous-Racing-Cars/ros_ws/install/compressed_depth_image_transport:/home/adam/Sensor-Fusion-And-Autonomous-Racing-Cars/ros_ws/install/image_transport:/home/adam/Sensor-Fusion-And-Autonomous-Racing-Cars/ros_ws/install/image_geometry:/home/adam/Sensor-Fusion-And-Autonomous-Racing-Cars/ros_ws/install/cv_bridge:/home/adam/Sensor-Fusion-And-Autonomous-Racing-Cars/ros_ws/install/camera_info_manager:/home/adam/Sensor-Fusion-And-Autonomous-Racing-Cars/ros_ws/install/camera_calibration_parsers:/home/adam/Sensor-Fusion-And-Autonomous-Racing-Cars/ros_ws/install/servo_controller:/home/adam/Sensor-Fusion-And-Autonomous-Racing-Cars/ros_ws/install/opencv_tests:/home/adam/Sensor-Fusion-And-Autonomous-Racing-Cars/ros_ws/install/motor_controller:/home/adam/Sensor-Fusion-And-Autonomous-Racing-Cars/ros_ws/install/camera_sensor:/home/adam/Sensor-Fusion-And-Autonomous-Racing-Cars/ros_ws/install/arc_startup:/opt/ros/foxy LD_LIBRARY_PATH=/home/adam/Sensor-Fusion-And-Autonomous-Racing-Cars/ros_ws/install/vesc_msgs/lib:${LD_LIBRARY_PATH} PYTHONPATH=/home/adam/Sensor-Fusion-And-Autonomous-Racing-Cars/ros_ws/install/vesc_msgs/lib/python3.8/site-packages:${PYTHONPATH} /usr/bin/cmake --build /home/adam/Sensor-Fusion-And-Autonomous-Racing-Cars/ros_ws/build/vesc_ackermann -- -j4 -l4
[1.331s] -- Found ament_cmake_auto: 0.9.12 (/opt/ros/foxy/share/ament_cmake_auto/cmake)
[1.555s] -- Using PYTHON_EXECUTABLE: /usr/bin/python3
[3.330s] -- Using all available rosidl_typesupport_c: rosidl_typesupport_fastrtps_c;rosidl_typesupport_introspection_c
[3.342s] -- Found rosidl_adapter: 1.3.1 (/opt/ros/foxy/share/rosidl_adapter/cmake)
[4.381s] -- Using all available rosidl_typesupport_cpp: rosidl_typesupport_fastrtps_cpp;rosidl_typesupport_introspection_cpp
[5.046s] -- Found rmw_implementation_cmake: 1.0.4 (/opt/ros/foxy/share/rmw_implementation_cmake/cmake)
[5.055s] -- Using RMW implementation 'rmw_fastrtps_cpp' as default
[6.985s] -- Found ament_lint_auto: 0.9.8 (/opt/ros/foxy/share/ament_lint_auto/cmake)
[7.026s] -- Added test 'copyright' to check source files copyright and LICENSE
[7.035s] -- Added test 'cppcheck' to perform static code analysis on C / C++ code
[7.036s] -- Configured cppcheck include dirs: /home/adam/Sensor-Fusion-And-Autonomous-Racing-Cars/ros_ws/src/vesc/vesc_ackermann/include
[7.037s] -- Configured cppcheck exclude dirs and/or files: 
[7.045s] -- Added test 'cpplint' to check C / C++ code against the Google style
[7.046s] -- Configured cpplint exclude dirs and/or files: 
[7.050s] -- Added test 'lint_cmake' to check CMake code style
[7.060s] -- Added test 'uncrustify' to check C / C++ code style
[7.060s] -- Configured uncrustify additional arguments: 
[7.062s] -- Added test 'xmllint' to check XML markup files
[7.092s] -- Configuring done
[7.175s] -- Generating done
[7.186s] -- Build files have been written to: /home/adam/Sensor-Fusion-And-Autonomous-Racing-Cars/ros_ws/build/vesc_ackermann
[7.365s] [35m[1mScanning dependencies of target vesc_ackermann[0m
[7.487s] [ 28%] Built target ackermann_to_vesc_node
[7.493s] [ 57%] Built target vesc_to_odom_node
[7.592s] [ 71%] [32mBuilding CXX object CMakeFiles/vesc_ackermann.dir/src/ackermann_to_vesc.cpp.o[0m
[7.607s] [ 85%] [32mBuilding CXX object CMakeFiles/vesc_ackermann.dir/src/vesc_to_odom.cpp.o[0m
[7.642s] In file included from [01m[K/home/adam/Sensor-Fusion-And-Autonomous-Racing-Cars/ros_ws/src/vesc/vesc_ackermann/src/ackermann_to_vesc.cpp:31[m[K:
[7.643s] [01m[K/home/adam/Sensor-Fusion-And-Autonomous-Racing-Cars/ros_ws/src/vesc/vesc_ackermann/include/vesc_ackermann/ackermann_to_vesc.hpp:34:10:[m[K [01;31m[Kfatal error: [m[Kackermann_msgs/msg/ackermann_drive_stamped.hpp: No such file or directory
[7.644s]    34 | #include [01;31m[K<ackermann_msgs/msg/ackermann_drive_stamped.hpp>[m[K
[7.644s]       |          [01;31m[K^~~~~~~~~~~~~~~~~~~~~~~~~~~~~~~~~~~~~~~~~~~~~~~~[m[K
[7.646s] compilation terminated.
[7.647s] make[2]: *** [CMakeFiles/vesc_ackermann.dir/build.make:63: CMakeFiles/vesc_ackermann.dir/src/ackermann_to_vesc.cpp.o] Error 1
[7.647s] make[2]: *** Waiting for unfinished jobs....
[34.509s] make[1]: *** [CMakeFiles/Makefile2:136: CMakeFiles/vesc_ackermann.dir/all] Error 2
[34.510s] make: *** [Makefile:141: all] Error 2
