[35m[1mScanning dependencies of target vesc_to_odom_node[0m
[35m[1mScanning dependencies of target ackermann_to_vesc_node[0m
[35m[1mScanning dependencies of target vesc_ackermann[0m
[ 14%] [32mBuilding CXX object CMakeFiles/vesc_to_odom_node.dir/rclcpp_components/node_main_vesc_to_odom_node.cpp.o[0m
[ 28%] [32mBuilding CXX object CMakeFiles/ackermann_to_vesc_node.dir/rclcpp_components/node_main_ackermann_to_vesc_node.cpp.o[0m
[ 42%] [32mBuilding CXX object CMakeFiles/vesc_ackermann.dir/src/vesc_to_odom.cpp.o[0m
[ 57%] [32mBuilding CXX object CMakeFiles/vesc_ackermann.dir/src/ackermann_to_vesc.cpp.o[0m
In file included from [01m[K/home/adam/Sensor-Fusion-And-Autonomous-Racing-Cars/ros_ws/src/vesc/vesc_ackermann/src/ackermann_to_vesc.cpp:31[m[K:
[01m[K/home/adam/Sensor-Fusion-And-Autonomous-Racing-Cars/ros_ws/src/vesc/vesc_ackermann/include/vesc_ackermann/ackermann_to_vesc.hpp:34:10:[m[K [01;31m[Kfatal error: [m[Kackermann_msgs/msg/ackermann_drive_stamped.hpp: No such file or directory
   34 | #include [01;31m[K<ackermann_msgs/msg/ackermann_drive_stamped.hpp>[m[K
      |          [01;31m[K^~~~~~~~~~~~~~~~~~~~~~~~~~~~~~~~~~~~~~~~~~~~~~~~[m[K
compilation terminated.
make[2]: *** [CMakeFiles/vesc_ackermann.dir/build.make:63: CMakeFiles/vesc_ackermann.dir/src/ackermann_to_vesc.cpp.o] Error 1
make[2]: *** Waiting for unfinished jobs....
[ 71%] [32m[1mLinking CXX executable vesc_to_odom_node[0m
[ 85%] [32m[1mLinking CXX executable ackermann_to_vesc_node[0m
[ 85%] Built target vesc_to_odom_node
[ 85%] Built target ackermann_to_vesc_node
make[1]: *** [CMakeFiles/Makefile2:136: CMakeFiles/vesc_ackermann.dir/all] Error 2
make: *** [Makefile:141: all] Error 2
